<?xml version="1.0" encoding="UTF-8"?>
<!-- Generated by org.testng.reporters.JUnitXMLReporter -->
<testsuite hostname="DESKTOP-4S1ODMQ" ignored="0" name="Test" tests="2" failures="0" timestamp="22 Sep 2019 04:11:46 GMT" time="160.515" errors="0">
  <testcase name="tc_01VerifyCareNoteSummaryButton" time="78.7" classname="com.spraxa.somatus.framwork.testcase.HomePageTest"/>
  <testcase name="tc_02VerifyAddCarePlan" time="37.746" classname="com.spraxa.somatus.framwork.testcase.HomePageTest"/>
</testsuite> <!-- Test -->
