<?xml version="1.0" encoding="UTF-8"?>
<testng-results skipped="0" failed="0" ignored="0" total="2" passed="2">
  <reporter-output>
  </reporter-output>
  <suite name="Suite" duration-ms="160515" started-at="2019-09-22T04:09:06Z" finished-at="2019-09-22T04:11:46Z">
    <groups>
    </groups>
    <test name="Test" duration-ms="160515" started-at="2019-09-22T04:09:06Z" finished-at="2019-09-22T04:11:46Z">
      <class name="com.spraxa.somatus.framwork.testcase.HomePageTest">
        <test-method status="PASS" signature="configReport()[pri:0, instance:com.spraxa.somatus.framwork.testcase.HomePageTest@1bce4f0a]" name="configReport" is-config="true" duration-ms="125" started-at="2019-09-22T04:09:06Z" finished-at="2019-09-22T04:09:06Z">
          <reporter-output>
          </reporter-output>
        </test-method> <!-- configReport -->
        <test-method status="PASS" signature="startReport()[pri:0, instance:com.spraxa.somatus.framwork.testcase.HomePageTest@1bce4f0a]" name="startReport" is-config="true" duration-ms="21428" started-at="2019-09-22T04:09:06Z" finished-at="2019-09-22T04:09:27Z">
          <reporter-output>
          </reporter-output>
        </test-method> <!-- startReport -->
        <test-method status="PASS" signature="tc_01VerifyCareNoteSummaryButton()[pri:0, instance:com.spraxa.somatus.framwork.testcase.HomePageTest@1bce4f0a]" name="tc_01VerifyCareNoteSummaryButton" duration-ms="78700" started-at="2019-09-22T04:09:27Z" finished-at="2019-09-22T04:10:46Z">
          <reporter-output>
          </reporter-output>
        </test-method> <!-- tc_01VerifyCareNoteSummaryButton -->
        <test-method status="PASS" signature="getResult(org.testng.ITestResult)[pri:0, instance:com.spraxa.somatus.framwork.testcase.HomePageTest@1bce4f0a]" name="getResult" is-config="true" duration-ms="1" started-at="2019-09-22T04:10:46Z" finished-at="2019-09-22T04:10:46Z">
          <params>
            <param index="0">
              <value>
                <![CDATA[[TestResult name=tc_01VerifyCareNoteSummaryButton status=SUCCESS method=HomePageTest.tc_01VerifyCareNoteSummaryButton()[pri:0, instance:com.spraxa.somatus.framwork.testcase.HomePageTest@1bce4f0a] output={null}]]]>
              </value>
            </param>
          </params>
          <reporter-output>
          </reporter-output>
        </test-method> <!-- getResult -->
        <test-method status="PASS" signature="tearDown()[pri:0, instance:com.spraxa.somatus.framwork.testcase.HomePageTest@1bce4f0a]" name="tearDown" is-config="true" duration-ms="747" started-at="2019-09-22T04:10:46Z" finished-at="2019-09-22T04:10:47Z">
          <reporter-output>
          </reporter-output>
        </test-method> <!-- tearDown -->
        <test-method status="PASS" signature="startReport()[pri:0, instance:com.spraxa.somatus.framwork.testcase.HomePageTest@1bce4f0a]" name="startReport" is-config="true" duration-ms="20723" started-at="2019-09-22T04:10:47Z" finished-at="2019-09-22T04:11:07Z">
          <reporter-output>
          </reporter-output>
        </test-method> <!-- startReport -->
        <test-method status="PASS" signature="tc_02VerifyAddCarePlan()[pri:0, instance:com.spraxa.somatus.framwork.testcase.HomePageTest@1bce4f0a]" name="tc_02VerifyAddCarePlan" duration-ms="37746" started-at="2019-09-22T04:11:07Z" finished-at="2019-09-22T04:11:45Z">
          <reporter-output>
          </reporter-output>
        </test-method> <!-- tc_02VerifyAddCarePlan -->
        <test-method status="PASS" signature="getResult(org.testng.ITestResult)[pri:0, instance:com.spraxa.somatus.framwork.testcase.HomePageTest@1bce4f0a]" name="getResult" is-config="true" duration-ms="0" started-at="2019-09-22T04:11:45Z" finished-at="2019-09-22T04:11:45Z">
          <params>
            <param index="0">
              <value>
                <![CDATA[[TestResult name=tc_02VerifyAddCarePlan status=SUCCESS method=HomePageTest.tc_02VerifyAddCarePlan()[pri:0, instance:com.spraxa.somatus.framwork.testcase.HomePageTest@1bce4f0a] output={null}]]]>
              </value>
            </param>
          </params>
          <reporter-output>
          </reporter-output>
        </test-method> <!-- getResult -->
        <test-method status="PASS" signature="tearDown()[pri:0, instance:com.spraxa.somatus.framwork.testcase.HomePageTest@1bce4f0a]" name="tearDown" is-config="true" duration-ms="701" started-at="2019-09-22T04:11:45Z" finished-at="2019-09-22T04:11:46Z">
          <reporter-output>
          </reporter-output>
        </test-method> <!-- tearDown -->
        <test-method status="PASS" signature="endReport()[pri:0, instance:com.spraxa.somatus.framwork.testcase.HomePageTest@1bce4f0a]" name="endReport" is-config="true" duration-ms="322" started-at="2019-09-22T04:11:46Z" finished-at="2019-09-22T04:11:46Z">
          <reporter-output>
          </reporter-output>
        </test-method> <!-- endReport -->
      </class> <!-- com.spraxa.somatus.framwork.testcase.HomePageTest -->
    </test> <!-- Test -->
  </suite> <!-- Suite -->
</testng-results>
